2024-03-28T16:13:51.066Z info: Request: GET /api/v1/o
2024-03-28T16:43:42.833Z info: Request: GET /favicon.ico
2024-03-28T17:21:17.191Z info: Request: GET /images/undefined
2024-03-28T17:39:44.767Z info: Request: GET /favicon.ico
2024-03-29T19:20:48.944Z info: Request: GET /images/banner-2.png
2024-03-29T19:21:14.813Z info: Request: GET /images/discount.jpg
2024-03-29T19:21:53.793Z info: Request: GET /images/discount.jpg
2024-03-29T19:21:54.045Z info: Request: GET /images/1710914109510-dunk.png
2024-03-29T19:21:54.049Z info: Request: GET /images/1711261753936-prin.jpg
2024-03-29T19:22:39.827Z info: Request: GET /favicon.ico
2024-03-29T19:22:47.425Z info: Request: GET /images/discount.jpg
2024-03-29T19:22:48.517Z info: Request: GET /images/discount.jpg
2024-03-29T19:22:48.621Z info: Request: GET /images/discount.jpg
2024-03-29T19:22:48.684Z info: Request: GET /images/1711261753936-prin.jpg
2024-03-29T19:22:48.687Z info: Request: GET /images/1710914109510-dunk.png
2024-03-29T19:23:44.896Z info: Request: GET /images/1711261753936-prin.jpg
2024-03-29T19:24:47.151Z info: Request: GET /images/1711261753936-prin.jpg
2024-03-29T19:25:47.890Z info: Request: GET /images/1710914109510-dunk.png
2024-03-29T19:25:48.915Z info: Request: GET /images/1711261753936-prin.jpg
2024-03-29T19:53:21.341Z info: Request: GET /images/1710914109510-dunk.png
2024-03-29T19:53:23.115Z info: Request: GET /images/1710914109510-dunk.png
2024-03-29T19:53:39.274Z info: Request: GET /images/1711261753936-prin.jpg
2024-03-29T19:53:39.279Z info: Request: GET /images/1710914109510-dunk.png
